<?xml version="1.0" encoding="UTF-8"?>
<coverage generated="1734037712214" clover="3.2.0">
  <project timestamp="1734037712214" name="All files">
    <metrics statements="12" coveredstatements="12" conditionals="5" coveredconditionals="4" methods="6" coveredmethods="6" elements="23" coveredelements="22" complexity="0" loc="12" ncloc="12" packages="1" files="6" classes="6"/>
    <file name="CounterComponent.vue" path="/Users/yorickhorrie/Thomas More/examen/frontend/src/components/CounterComponent.vue">
      <metrics statements="2" coveredstatements="2" conditionals="2" coveredconditionals="2" methods="1" coveredmethods="1"/>
      <line num="1" count="61" type="cond" truecount="2" falsecount="0"/>
      <line num="15" count="1" type="stmt"/>
    </file>
    <file name="HelloWorld.vue" path="/Users/yorickhorrie/Thomas More/examen/frontend/src/components/HelloWorld.vue">
      <metrics statements="2" coveredstatements="2" conditionals="0" coveredconditionals="0" methods="1" coveredmethods="1"/>
      <line num="1" count="12" type="stmt"/>
      <line num="32" count="1" type="stmt"/>
    </file>
    <file name="PageArtists.vue" path="/Users/yorickhorrie/Thomas More/examen/frontend/src/components/PageArtists.vue">
      <metrics statements="2" coveredstatements="2" conditionals="1" coveredconditionals="0" methods="1" coveredmethods="1"/>
      <line num="1" count="49" type="cond" truecount="0" falsecount="1"/>
      <line num="22" count="2" type="stmt"/>
    </file>
    <file name="PageHome.vue" path="/Users/yorickhorrie/Thomas More/examen/frontend/src/components/PageHome.vue">
      <metrics statements="2" coveredstatements="2" conditionals="0" coveredconditionals="0" methods="1" coveredmethods="1"/>
      <line num="1" count="15" type="stmt"/>
      <line num="12" count="2" type="stmt"/>
    </file>
    <file name="PageRanking.vue" path="/Users/yorickhorrie/Thomas More/examen/frontend/src/components/PageRanking.vue">
      <metrics statements="2" coveredstatements="2" conditionals="0" coveredconditionals="0" methods="1" coveredmethods="1"/>
      <line num="1" count="42" type="stmt"/>
      <line num="29" count="2" type="stmt"/>
    </file>
    <file name="PageVoting.vue" path="/Users/yorickhorrie/Thomas More/examen/frontend/src/components/PageVoting.vue">
      <metrics statements="2" coveredstatements="2" conditionals="2" coveredconditionals="2" methods="1" coveredmethods="1"/>
      <line num="1" count="69" type="cond" truecount="2" falsecount="0"/>
      <line num="28" count="2" type="stmt"/>
    </file>
  </project>
</coverage>
