{"/Users/yorickhorrie/Thomas More/examen/frontend/src/components/CounterComponent.vue": {"path":"/Users/yorickhorrie/Thomas More/examen/frontend/src/components/CounterComponent.vue","statementMap":{"0":{"start":{"line":15,"column":0},"end":{"line":40,"column":null}},"1":{"start":{"line":1,"column":0},"end":{"line":1,"column":null}}},"fnMap":{"0":{"name":"(anonymous_4)","decl":{"start":{"line":1,"column":0},"end":{"line":1,"column":null}},"loc":{"start":{"line":1,"column":0},"end":{"line":1,"column":null}}}},"branchMap":{"0":{"loc":{"start":{"line":1,"column":0},"end":{"line":1,"column":null}},"type":"cond-expr","locations":[{"start":{"line":1,"column":0},"end":{"line":1,"column":null}},{"start":{"line":1,"column":0},"end":{"line":1,"column":null}}]}},"s":{"0":1,"1":61},"f":{"0":22},"b":{"0":[34,2]}}
,"/Users/yorickhorrie/Thomas More/examen/frontend/src/components/HelloWorld.vue": {"path":"/Users/yorickhorrie/Thomas More/examen/frontend/src/components/HelloWorld.vue","statementMap":{"0":{"start":{"line":32,"column":0},"end":{"line":39,"column":null}},"1":{"start":{"line":1,"column":0},"end":{"line":1,"column":null}}},"fnMap":{"0":{"name":"(anonymous_0)","decl":{"start":{"line":1,"column":0},"end":{"line":1,"column":null}},"loc":{"start":{"line":1,"column":0},"end":{"line":1,"column":null}}}},"branchMap":{},"s":{"0":1,"1":12},"f":{"0":3},"b":{}}
,"/Users/yorickhorrie/Thomas More/examen/frontend/src/components/PageArtists.vue": {"path":"/Users/yorickhorrie/Thomas More/examen/frontend/src/components/PageArtists.vue","statementMap":{"0":{"start":{"line":22,"column":0},"end":{"line":60,"column":null}},"1":{"start":{"line":1,"column":0},"end":{"line":1,"column":null}}},"fnMap":{"0":{"name":"(anonymous_8)","decl":{"start":{"line":1,"column":0},"end":{"line":1,"column":null}},"loc":{"start":{"line":1,"column":0},"end":{"line":1,"column":null}}}},"branchMap":{"0":{"loc":{"start":{"line":1,"column":0},"end":{"line":1,"column":null}},"type":"if","locations":[{"start":{"line":1,"column":0},"end":{"line":1,"column":null}}]}},"s":{"0":2,"1":49},"f":{"0":23},"b":{"0":[0]}}
,"/Users/yorickhorrie/Thomas More/examen/frontend/src/components/PageHome.vue": {"path":"/Users/yorickhorrie/Thomas More/examen/frontend/src/components/PageHome.vue","statementMap":{"0":{"start":{"line":12,"column":0},"end":{"line":16,"column":null}},"1":{"start":{"line":1,"column":0},"end":{"line":1,"column":null}}},"fnMap":{"0":{"name":"(anonymous_0)","decl":{"start":{"line":1,"column":0},"end":{"line":1,"column":null}},"loc":{"start":{"line":1,"column":0},"end":{"line":1,"column":null}}}},"branchMap":{},"s":{"0":2,"1":15},"f":{"0":3},"b":{}}
,"/Users/yorickhorrie/Thomas More/examen/frontend/src/components/PageRanking.vue": {"path":"/Users/yorickhorrie/Thomas More/examen/frontend/src/components/PageRanking.vue","statementMap":{"0":{"start":{"line":29,"column":0},"end":{"line":51,"column":null}},"1":{"start":{"line":1,"column":0},"end":{"line":1,"column":null}}},"fnMap":{"0":{"name":"(anonymous_5)","decl":{"start":{"line":1,"column":0},"end":{"line":1,"column":null}},"loc":{"start":{"line":1,"column":0},"end":{"line":1,"column":null}}}},"branchMap":{},"s":{"0":2,"1":42},"f":{"0":20},"b":{}}
,"/Users/yorickhorrie/Thomas More/examen/frontend/src/components/PageVoting.vue": {"path":"/Users/yorickhorrie/Thomas More/examen/frontend/src/components/PageVoting.vue","statementMap":{"0":{"start":{"line":28,"column":0},"end":{"line":82,"column":null}},"1":{"start":{"line":1,"column":0},"end":{"line":1,"column":null}}},"fnMap":{"0":{"name":"(anonymous_10)","decl":{"start":{"line":1,"column":0},"end":{"line":1,"column":null}},"loc":{"start":{"line":1,"column":0},"end":{"line":1,"column":null}}}},"branchMap":{"0":{"loc":{"start":{"line":1,"column":0},"end":{"line":1,"column":null}},"type":"cond-expr","locations":[{"start":{"line":1,"column":0},"end":{"line":1,"column":null}},{"start":{"line":1,"column":0},"end":{"line":1,"column":null}}]}},"s":{"0":2,"1":69},"f":{"0":23},"b":{"0":[13,7]}}
}
