TN:
SF:src/components/CounterComponent.vue
FN:1,(anonymous_4)
FNF:1
FNH:1
FNDA:22,(anonymous_4)
DA:1,61
DA:15,1
LF:2
LH:2
BRDA:1,0,0,34
BRDA:1,0,1,2
BRF:2
BRH:2
end_of_record
TN:
SF:src/components/HelloWorld.vue
FN:1,(anonymous_0)
FNF:1
FNH:1
FNDA:3,(anonymous_0)
DA:1,12
DA:32,1
LF:2
LH:2
BRF:0
BRH:0
end_of_record
TN:
SF:src/components/PageArtists.vue
FN:1,(anonymous_8)
FNF:1
FNH:1
FNDA:23,(anonymous_8)
DA:1,49
DA:22,2
LF:2
LH:2
BRDA:1,0,0,0
BRF:1
BRH:0
end_of_record
TN:
SF:src/components/PageHome.vue
FN:1,(anonymous_0)
FNF:1
FNH:1
FNDA:3,(anonymous_0)
DA:1,15
DA:12,2
LF:2
LH:2
BRF:0
BRH:0
end_of_record
TN:
SF:src/components/PageRanking.vue
FN:1,(anonymous_5)
FNF:1
FNH:1
FNDA:20,(anonymous_5)
DA:1,42
DA:29,2
LF:2
LH:2
BRF:0
BRH:0
end_of_record
TN:
SF:src/components/PageVoting.vue
FN:1,(anonymous_10)
FNF:1
FNH:1
FNDA:23,(anonymous_10)
DA:1,69
DA:28,2
LF:2
LH:2
BRDA:1,0,0,13
BRDA:1,0,1,7
BRF:2
BRH:2
end_of_record
